{"message":"could not login","stack":"Error: could not login\n    at E:\\Node Projects\\marketeer\\routes\\login.js:16:11\n    at newFn (E:\\Node Projects\\marketeer\\node_modules\\express-async-errors\\index.js:16:20)\n    at Layer.handle [as handle_request] (E:\\Node Projects\\marketeer\\node_modules\\express\\lib\\router\\layer.js:95:5)\n    at next (E:\\Node Projects\\marketeer\\node_modules\\express\\lib\\router\\route.js:137:13)\n    at Route.dispatch (E:\\Node Projects\\marketeer\\node_modules\\express\\lib\\router\\route.js:112:3)\n    at newFn (E:\\Node Projects\\marketeer\\node_modules\\express-async-errors\\index.js:16:20)\n    at Layer.handle [as handle_request] (E:\\Node Projects\\marketeer\\node_modules\\express\\lib\\router\\layer.js:95:5)\n    at E:\\Node Projects\\marketeer\\node_modules\\express\\lib\\router\\index.js:281:22\n    at Function.process_params (E:\\Node Projects\\marketeer\\node_modules\\express\\lib\\router\\index.js:341:12)\n    at next (E:\\Node Projects\\marketeer\\node_modules\\express\\lib\\router\\index.js:275:10)","level":"error","timestamp":"2022-01-13T11:52:10.770Z"}
{"message":"could not login","stack":"Error: could not login\n    at E:\\Node Projects\\marketeer\\routes\\login.js:16:11\n    at newFn (E:\\Node Projects\\marketeer\\node_modules\\express-async-errors\\index.js:16:20)\n    at Layer.handle [as handle_request] (E:\\Node Projects\\marketeer\\node_modules\\express\\lib\\router\\layer.js:95:5)\n    at next (E:\\Node Projects\\marketeer\\node_modules\\express\\lib\\router\\route.js:137:13)\n    at Route.dispatch (E:\\Node Projects\\marketeer\\node_modules\\express\\lib\\router\\route.js:112:3)\n    at newFn (E:\\Node Projects\\marketeer\\node_modules\\express-async-errors\\index.js:16:20)\n    at Layer.handle [as handle_request] (E:\\Node Projects\\marketeer\\node_modules\\express\\lib\\router\\layer.js:95:5)\n    at E:\\Node Projects\\marketeer\\node_modules\\express\\lib\\router\\index.js:281:22\n    at Function.process_params (E:\\Node Projects\\marketeer\\node_modules\\express\\lib\\router\\index.js:341:12)\n    at next (E:\\Node Projects\\marketeer\\node_modules\\express\\lib\\router\\index.js:275:10)","level":"error","timestamp":"2022-01-13T11:56:20.380Z"}
{"message":"could not login","stack":"Error: could not login\n    at E:\\Node Projects\\marketeer\\routes\\login.js:16:11\n    at newFn (E:\\Node Projects\\marketeer\\node_modules\\express-async-errors\\index.js:16:20)\n    at Layer.handle [as handle_request] (E:\\Node Projects\\marketeer\\node_modules\\express\\lib\\router\\layer.js:95:5)\n    at next (E:\\Node Projects\\marketeer\\node_modules\\express\\lib\\router\\route.js:137:13)\n    at Route.dispatch (E:\\Node Projects\\marketeer\\node_modules\\express\\lib\\router\\route.js:112:3)\n    at newFn (E:\\Node Projects\\marketeer\\node_modules\\express-async-errors\\index.js:16:20)\n    at Layer.handle [as handle_request] (E:\\Node Projects\\marketeer\\node_modules\\express\\lib\\router\\layer.js:95:5)\n    at E:\\Node Projects\\marketeer\\node_modules\\express\\lib\\router\\index.js:281:22\n    at Function.process_params (E:\\Node Projects\\marketeer\\node_modules\\express\\lib\\router\\index.js:341:12)\n    at next (E:\\Node Projects\\marketeer\\node_modules\\express\\lib\\router\\index.js:275:10)","level":"info","timestamp":"2022-01-13T11:57:02.638Z"}
{"message":"this software got terminated outside req processing pipeline","stack":"Error: this software got terminated outside req processing pipeline\n    at Object.<anonymous> (E:\\Node Projects\\marketeer\\index.js:42:7)\n    at Module._compile (internal/modules/cjs/loader.js:1085:14)\n    at Object.Module._extensions..js (internal/modules/cjs/loader.js:1114:10)\n    at Module.load (internal/modules/cjs/loader.js:950:32)\n    at Function.Module._load (internal/modules/cjs/loader.js:790:14)\n    at Function.executeUserEntryPoint [as runMain] (internal/modules/run_main.js:76:12)\n    at internal/main/run_main_module.js:17:47","level":"error","timestamp":"2022-01-13T12:49:32.430Z"}
{"message":"could not login","stack":"Error: could not login\n    at E:\\Node Projects\\marketeer\\routes\\login.js:16:11\n    at newFn (E:\\Node Projects\\marketeer\\node_modules\\express-async-errors\\index.js:16:20)\n    at Layer.handle [as handle_request] (E:\\Node Projects\\marketeer\\node_modules\\express\\lib\\router\\layer.js:95:5)\n    at next (E:\\Node Projects\\marketeer\\node_modules\\express\\lib\\router\\route.js:137:13)\n    at Route.dispatch (E:\\Node Projects\\marketeer\\node_modules\\express\\lib\\router\\route.js:112:3)\n    at newFn (E:\\Node Projects\\marketeer\\node_modules\\express-async-errors\\index.js:16:20)\n    at Layer.handle [as handle_request] (E:\\Node Projects\\marketeer\\node_modules\\express\\lib\\router\\layer.js:95:5)\n    at E:\\Node Projects\\marketeer\\node_modules\\express\\lib\\router\\index.js:281:22\n    at Function.process_params (E:\\Node Projects\\marketeer\\node_modules\\express\\lib\\router\\index.js:341:12)\n    at next (E:\\Node Projects\\marketeer\\node_modules\\express\\lib\\router\\index.js:275:10)","level":"info","timestamp":"2022-01-13T13:31:55.467Z"}
{"level":"info","message":"connneted to database","timestamp":"2022-01-13T13:47:28.479Z"}
{"level":"info","message":"connneted to database","timestamp":"2022-01-13T13:48:38.837Z"}
{"level":"info","message":"connneted to database mongodb://localhost/Marketeer","timestamp":"2022-01-16T12:07:27.451Z"}
{"level":"info","message":"connneted to database mongodb://localhost/Marketeer","timestamp":"2022-01-16T14:30:47.393Z"}
{"level":"info","message":"connneted to database mongodb://localhost/Marketeer","timestamp":"2022-01-16T14:31:43.146Z"}
{"level":"info","message":"connneted to database mongodb://localhost/Marketeer","timestamp":"2022-01-16T14:32:07.608Z"}
{"level":"info","message":"connneted to database mongodb://localhost/Marketeer","timestamp":"2022-01-16T14:32:40.839Z"}
{"level":"info","message":"connneted to database mongodb://localhost/Marketeer","timestamp":"2022-01-16T14:34:48.018Z"}
{"level":"info","message":"connneted to database mongodb://localhost/Marketeer_test","timestamp":"2022-01-16T14:35:11.225Z"}
{"level":"info","message":"connneted to database mongodb://localhost/Marketeer_test","timestamp":"2022-01-16T14:35:30.574Z"}
{"level":"info","message":"connneted to database mongodb://localhost/Marketeer","timestamp":"2022-01-16T14:35:37.286Z"}
{"level":"info","message":"connneted to database mongodb://localhost/Marketeer_test","timestamp":"2022-01-16T14:53:53.138Z"}
{"level":"info","message":"connneted to database mongodb://localhost/Marketeer_test","timestamp":"2022-01-16T14:55:04.289Z"}
{"level":"info","message":"connneted to database mongodb://localhost/Marketeer_test","timestamp":"2022-01-16T14:59:02.735Z"}
{"level":"info","message":"connneted to database mongodb://localhost/Marketeer_test","timestamp":"2022-01-16T15:05:34.283Z"}
{"level":"info","message":"connneted to database mongodb://localhost/Marketeer","timestamp":"2022-01-16T15:07:02.325Z"}
{"level":"info","message":"connneted to database mongodb://localhost/Marketeer_test","timestamp":"2022-01-16T15:07:33.304Z"}
{"level":"info","message":"connneted to database mongodb://localhost/Marketeer_test","timestamp":"2022-01-16T15:10:41.128Z"}
{"level":"info","message":"connneted to database mongodb://localhost/Marketeer_test","timestamp":"2022-01-16T15:11:30.260Z"}
{"level":"info","message":"connneted to database mongodb://localhost/Marketeer_test","timestamp":"2022-01-16T16:09:46.964Z"}
{"level":"info","message":"connneted to database mongodb://localhost/Marketeer_test","timestamp":"2022-01-16T16:11:19.269Z"}
{"level":"info","message":"connneted to database mongodb://localhost/Marketeer_test","timestamp":"2022-01-16T16:12:17.393Z"}
{"level":"info","message":"connneted to database mongodb://localhost/Marketeer_test","timestamp":"2022-01-16T16:13:09.730Z"}
{"level":"info","message":"connneted to database mongodb://localhost/Marketeer_test","timestamp":"2022-01-16T16:15:54.718Z"}
{"level":"info","message":"connneted to database mongodb://localhost/Marketeer_test","timestamp":"2022-01-16T16:17:00.835Z"}
{"level":"info","message":"connneted to database mongodb://localhost/Marketeer","timestamp":"2022-01-16T16:17:50.654Z"}
{"level":"info","message":"connneted to database mongodb://localhost/Marketeer_test","timestamp":"2022-01-16T16:41:50.485Z"}
{"level":"info","message":"connneted to database mongodb://localhost/Marketeer_test","timestamp":"2022-01-16T16:54:08.258Z"}
{"level":"info","message":"connneted to database mongodb://localhost/Marketeer_test","timestamp":"2022-01-16T16:56:38.244Z"}
{"level":"info","message":"connneted to database mongodb://localhost/Marketeer","timestamp":"2022-01-20T20:07:39.934Z"}
{"level":"info","message":"connneted to database mongodb://localhost/Marketeer","timestamp":"2022-01-20T20:15:12.067Z"}
{"level":"info","message":"connneted to database mongodb://localhost/Marketeer","timestamp":"2022-01-20T20:26:38.894Z"}
{"message":"Moives is not defined","stack":"ReferenceError: Moives is not defined\n    at E:\\Node Projects\\marketeer\\routes\\moviestore.js:50:46\n    at processTicksAndRejections (internal/process/task_queues.js:95:5)","level":"info","timestamp":"2022-01-20T20:32:01.066Z"}
{"message":"Moives is not defined","stack":"ReferenceError: Moives is not defined\n    at E:\\Node Projects\\marketeer\\routes\\moviestore.js:50:46\n    at processTicksAndRejections (internal/process/task_queues.js:95:5)","level":"info","timestamp":"2022-01-20T20:34:51.320Z"}
{"level":"info","message":"connneted to database mongodb://localhost/Marketeer","timestamp":"2022-01-20T20:36:13.197Z"}
{"level":"info","message":"connneted to database mongodb://localhost/Marketeer","timestamp":"2022-01-20T20:38:27.254Z"}
{"message":"body is not defined","stack":"ReferenceError: body is not defined\n    at E:\\Node Projects\\marketeer\\routes\\rentstore.js:15:38\n    at newFn (E:\\Node Projects\\marketeer\\node_modules\\express-async-errors\\index.js:16:20)\n    at Layer.handle [as handle_request] (E:\\Node Projects\\marketeer\\node_modules\\express\\lib\\router\\layer.js:95:5)\n    at next (E:\\Node Projects\\marketeer\\node_modules\\express\\lib\\router\\route.js:137:13)\n    at auth (E:\\Node Projects\\marketeer\\Middleware\\auth.js:13:5)\n    at newFn (E:\\Node Projects\\marketeer\\node_modules\\express-async-errors\\index.js:16:20)\n    at Layer.handle [as handle_request] (E:\\Node Projects\\marketeer\\node_modules\\express\\lib\\router\\layer.js:95:5)\n    at next (E:\\Node Projects\\marketeer\\node_modules\\express\\lib\\router\\route.js:137:13)\n    at Route.dispatch (E:\\Node Projects\\marketeer\\node_modules\\express\\lib\\router\\route.js:112:3)\n    at newFn (E:\\Node Projects\\marketeer\\node_modules\\express-async-errors\\index.js:16:20)","level":"info","timestamp":"2022-01-20T20:49:15.238Z"}
{"level":"info","message":"connneted to database mongodb://localhost/Marketeer","timestamp":"2022-01-20T20:50:16.495Z"}
{"message":"movie is not defined","stack":"ReferenceError: movie is not defined\n    at validateRental (E:\\Node Projects\\marketeer\\models\\rental.js:67:28)\n    at E:\\Node Projects\\marketeer\\routes\\rentstore.js:15:19\n    at newFn (E:\\Node Projects\\marketeer\\node_modules\\express-async-errors\\index.js:16:20)\n    at Layer.handle [as handle_request] (E:\\Node Projects\\marketeer\\node_modules\\express\\lib\\router\\layer.js:95:5)\n    at next (E:\\Node Projects\\marketeer\\node_modules\\express\\lib\\router\\route.js:137:13)\n    at auth (E:\\Node Projects\\marketeer\\Middleware\\auth.js:13:5)\n    at newFn (E:\\Node Projects\\marketeer\\node_modules\\express-async-errors\\index.js:16:20)\n    at Layer.handle [as handle_request] (E:\\Node Projects\\marketeer\\node_modules\\express\\lib\\router\\layer.js:95:5)\n    at next (E:\\Node Projects\\marketeer\\node_modules\\express\\lib\\router\\route.js:137:13)\n    at Route.dispatch (E:\\Node Projects\\marketeer\\node_modules\\express\\lib\\router\\route.js:112:3)","level":"info","timestamp":"2022-01-20T20:50:21.432Z"}
{"level":"info","message":"connneted to database mongodb://localhost/Marketeer","timestamp":"2022-01-20T20:52:00.253Z"}
{"level":"info","message":"connneted to database mongodb://localhost/Marketeer","timestamp":"2022-01-25T06:18:30.513Z"}
{"level":"info","message":"connneted to database mongodb://localhost/Marketeer","timestamp":"2022-01-25T06:26:39.529Z"}
{"level":"info","message":"connneted to database mongodb://localhost/Marketeer","timestamp":"2022-01-25T06:28:47.371Z"}
{"level":"info","message":"connneted to database mongodb://localhost/Marketeer","timestamp":"2022-01-25T06:33:32.861Z"}
{"message":"Cannot set headers after they are sent to the client","stack":"Error [ERR_HTTP_HEADERS_SENT]: Cannot set headers after they are sent to the client\n    at ServerResponse.setHeader (_http_outgoing.js:561:11)\n    at ServerResponse.header (E:\\Node Projects\\marketeer\\node_modules\\express\\lib\\response.js:776:10)\n    at ServerResponse.send (E:\\Node Projects\\marketeer\\node_modules\\express\\lib\\response.js:170:12)\n    at ServerResponse.json (E:\\Node Projects\\marketeer\\node_modules\\express\\lib\\response.js:267:15)\n    at ServerResponse.send (E:\\Node Projects\\marketeer\\node_modules\\express\\lib\\response.js:158:21)\n    at E:\\Node Projects\\marketeer\\routes\\rentstore.js:13:21\n    at processTicksAndRejections (internal/process/task_queues.js:95:5)","code":"ERR_HTTP_HEADERS_SENT","level":"info","timestamp":"2022-01-25T06:33:36.153Z"}
{"level":"info","message":"connneted to database mongodb://localhost/Marketeer","timestamp":"2022-01-25T06:34:15.576Z"}
{"message":"Cannot set headers after they are sent to the client","stack":"Error [ERR_HTTP_HEADERS_SENT]: Cannot set headers after they are sent to the client\n    at ServerResponse.setHeader (_http_outgoing.js:561:11)\n    at ServerResponse.header (E:\\Node Projects\\marketeer\\node_modules\\express\\lib\\response.js:776:10)\n    at ServerResponse.send (E:\\Node Projects\\marketeer\\node_modules\\express\\lib\\response.js:170:12)\n    at ServerResponse.json (E:\\Node Projects\\marketeer\\node_modules\\express\\lib\\response.js:267:15)\n    at ServerResponse.send (E:\\Node Projects\\marketeer\\node_modules\\express\\lib\\response.js:158:21)\n    at E:\\Node Projects\\marketeer\\routes\\rentstore.js:13:21\n    at processTicksAndRejections (internal/process/task_queues.js:95:5)","code":"ERR_HTTP_HEADERS_SENT","level":"info","timestamp":"2022-01-25T06:34:21.498Z"}
{"level":"info","message":"connneted to database mongodb://localhost/Marketeer","timestamp":"2022-01-25T06:34:30.101Z"}
{"message":"Cannot set headers after they are sent to the client","stack":"Error [ERR_HTTP_HEADERS_SENT]: Cannot set headers after they are sent to the client\n    at ServerResponse.setHeader (_http_outgoing.js:561:11)\n    at ServerResponse.header (E:\\Node Projects\\marketeer\\node_modules\\express\\lib\\response.js:776:10)\n    at ServerResponse.send (E:\\Node Projects\\marketeer\\node_modules\\express\\lib\\response.js:170:12)\n    at ServerResponse.json (E:\\Node Projects\\marketeer\\node_modules\\express\\lib\\response.js:267:15)\n    at ServerResponse.send (E:\\Node Projects\\marketeer\\node_modules\\express\\lib\\response.js:158:21)\n    at E:\\Node Projects\\marketeer\\routes\\rentstore.js:13:21\n    at processTicksAndRejections (internal/process/task_queues.js:95:5)","code":"ERR_HTTP_HEADERS_SENT","level":"info","timestamp":"2022-01-25T06:34:33.617Z"}
{"level":"info","message":"connneted to database mongodb://localhost/Marketeer","timestamp":"2022-01-25T06:34:56.256Z"}
{"level":"info","message":"connneted to database mongodb://localhost/Marketeer","timestamp":"2022-01-25T09:10:46.243Z"}
{"message":"session.endSession is not a function","stack":"TypeError: session.endSession is not a function\n    at E:\\Node Projects\\marketeer\\routes\\rentstore.js:62:23\n    at processTicksAndRejections (internal/process/task_queues.js:95:5)","level":"info","timestamp":"2022-01-25T09:13:04.002Z"}
{"level":"info","message":"connneted to database mongodb://localhost/Marketeer","timestamp":"2022-01-25T09:16:01.216Z"}
{"message":"session.endSession is not a function","stack":"TypeError: session.endSession is not a function\n    at E:\\Node Projects\\marketeer\\routes\\rentstore.js:62:17\n    at processTicksAndRejections (internal/process/task_queues.js:95:5)","level":"info","timestamp":"2022-01-25T09:16:08.839Z"}
{"level":"info","message":"connneted to database mongodb://localhost/Marketeer","timestamp":"2022-01-25T09:17:48.118Z"}
{"message":"session.endSession is not a function","stack":"TypeError: session.endSession is not a function\n    at E:\\Node Projects\\marketeer\\routes\\rentstore.js:62:17\n    at processTicksAndRejections (internal/process/task_queues.js:95:5)","level":"info","timestamp":"2022-01-25T09:17:51.785Z"}
{"level":"info","message":"connneted to database mongodb://localhost/Marketeer","timestamp":"2022-01-25T09:21:11.287Z"}
{"level":"info","message":"connneted to database mongodb://localhost/Marketeer","timestamp":"2022-01-25T09:21:47.380Z"}
{"level":"info","message":"connneted to database mongodb://localhost/Marketeer","timestamp":"2022-01-25T09:24:09.282Z"}
{"level":"info","message":"connneted to database mongodb://localhost/Marketeer","timestamp":"2022-01-25T09:24:24.711Z"}
{"level":"info","message":"connneted to database mongodb://localhost/Marketeer","timestamp":"2022-01-25T09:25:51.380Z"}
{"level":"info","message":"connneted to database mongodb://localhost/Marketeer","timestamp":"2022-01-25T11:32:43.448Z"}
{"level":"info","message":"connneted to database mongodb://localhost/Marketeer","timestamp":"2022-01-25T11:42:53.074Z"}
{"level":"info","message":"connneted to database mongodb://localhost/Marketeer","timestamp":"2022-01-25T11:44:20.248Z"}
{"message":"Cannot set headers after they are sent to the client","stack":"Error [ERR_HTTP_HEADERS_SENT]: Cannot set headers after they are sent to the client\n    at ServerResponse.setHeader (_http_outgoing.js:561:11)\n    at ServerResponse.header (E:\\Node Projects\\marketeer\\node_modules\\express\\lib\\response.js:776:10)\n    at ServerResponse.send (E:\\Node Projects\\marketeer\\node_modules\\express\\lib\\response.js:170:12)\n    at E:\\Node Projects\\marketeer\\routes\\rentstore.js:61:25\n    at processTicksAndRejections (internal/process/task_queues.js:95:5)","code":"ERR_HTTP_HEADERS_SENT","level":"info","timestamp":"2022-01-25T11:44:24.940Z"}
{"level":"info","message":"connneted to database mongodb://localhost/Marketeer","timestamp":"2022-01-25T11:45:56.619Z"}
{"message":"Cannot call abortTransaction after calling commitTransaction","stack":"MongoTransactionError: Cannot call abortTransaction after calling commitTransaction\n    at endTransaction (E:\\Node Projects\\marketeer\\node_modules\\mongodb\\lib\\sessions.js:435:22)\n    at E:\\Node Projects\\marketeer\\node_modules\\mongodb\\lib\\sessions.js:259:58\n    at maybePromise (E:\\Node Projects\\marketeer\\node_modules\\mongodb\\lib\\utils.js:494:5)\n    at ClientSession.abortTransaction (E:\\Node Projects\\marketeer\\node_modules\\mongodb\\lib\\sessions.js:259:41)\n    at E:\\Node Projects\\marketeer\\routes\\rentstore.js:61:23\n    at processTicksAndRejections (internal/process/task_queues.js:95:5)","level":"info","timestamp":"2022-01-25T11:46:00.841Z"}
{"level":"info","message":"connneted to database mongodb://localhost/Marketeer","timestamp":"2022-01-25T11:49:29.341Z"}
{"level":"info","message":"connneted to database mongodb://localhost/Marketeer","timestamp":"2022-01-25T11:59:26.277Z"}
{"message":"E11000 duplicate key error collection: Marketeer.rentals index: user.email_1 dup key: { user.email: \"sanjay.dangi@gmail.com\" }","stack":"MongoServerError: E11000 duplicate key error collection: Marketeer.rentals index: user.email_1 dup key: { user.email: \"sanjay.dangi@gmail.com\" }\n    at E:\\Node Projects\\marketeer\\node_modules\\mongodb\\lib\\operations\\insert.js:51:33\n    at E:\\Node Projects\\marketeer\\node_modules\\mongodb\\lib\\cmap\\connection_pool.js:272:25\n    at handleOperationResult (E:\\Node Projects\\marketeer\\node_modules\\mongodb\\lib\\sdam\\server.js:370:9)\n    at MessageStream.messageHandler (E:\\Node Projects\\marketeer\\node_modules\\mongodb\\lib\\cmap\\connection.js:479:9)\n    at MessageStream.emit (events.js:375:28)\n    at processIncomingData (E:\\Node Projects\\marketeer\\node_modules\\mongodb\\lib\\cmap\\message_stream.js:108:16)\n    at MessageStream._write (E:\\Node Projects\\marketeer\\node_modules\\mongodb\\lib\\cmap\\message_stream.js:28:9)\n    at writeOrBuffer (internal/streams/writable.js:358:12)\n    at MessageStream.Writable.write (internal/streams/writable.js:303:10)\n    at Socket.ondata (internal/streams/readable.js:726:22)","index":0,"code":11000,"keyPattern":{"user.email":1},"keyValue":{"user.email":"sanjay.dangi@gmail.com"},"level":"info","timestamp":"2022-01-25T11:59:32.113Z"}
{"message":"E11000 duplicate key error collection: Marketeer.rentals index: user.email_1 dup key: { user.email: \"manu.soni@gmail.com\" }","stack":"MongoServerError: E11000 duplicate key error collection: Marketeer.rentals index: user.email_1 dup key: { user.email: \"manu.soni@gmail.com\" }\n    at E:\\Node Projects\\marketeer\\node_modules\\mongodb\\lib\\operations\\insert.js:51:33\n    at E:\\Node Projects\\marketeer\\node_modules\\mongodb\\lib\\cmap\\connection_pool.js:272:25\n    at handleOperationResult (E:\\Node Projects\\marketeer\\node_modules\\mongodb\\lib\\sdam\\server.js:370:9)\n    at MessageStream.messageHandler (E:\\Node Projects\\marketeer\\node_modules\\mongodb\\lib\\cmap\\connection.js:479:9)\n    at MessageStream.emit (events.js:375:28)\n    at processIncomingData (E:\\Node Projects\\marketeer\\node_modules\\mongodb\\lib\\cmap\\message_stream.js:108:16)\n    at MessageStream._write (E:\\Node Projects\\marketeer\\node_modules\\mongodb\\lib\\cmap\\message_stream.js:28:9)\n    at writeOrBuffer (internal/streams/writable.js:358:12)\n    at MessageStream.Writable.write (internal/streams/writable.js:303:10)\n    at Socket.ondata (internal/streams/readable.js:726:22)","index":0,"code":11000,"keyPattern":{"user.email":1},"keyValue":{"user.email":"manu.soni@gmail.com"},"level":"info","timestamp":"2022-01-25T12:03:15.993Z"}
{"message":"E11000 duplicate key error collection: Marketeer.rentals index: user.email_1 dup key: { user.email: \"manu.soni@gmail.com\" }","stack":"MongoServerError: E11000 duplicate key error collection: Marketeer.rentals index: user.email_1 dup key: { user.email: \"manu.soni@gmail.com\" }\n    at E:\\Node Projects\\marketeer\\node_modules\\mongodb\\lib\\operations\\insert.js:51:33\n    at E:\\Node Projects\\marketeer\\node_modules\\mongodb\\lib\\cmap\\connection_pool.js:272:25\n    at handleOperationResult (E:\\Node Projects\\marketeer\\node_modules\\mongodb\\lib\\sdam\\server.js:370:9)\n    at MessageStream.messageHandler (E:\\Node Projects\\marketeer\\node_modules\\mongodb\\lib\\cmap\\connection.js:479:9)\n    at MessageStream.emit (events.js:375:28)\n    at processIncomingData (E:\\Node Projects\\marketeer\\node_modules\\mongodb\\lib\\cmap\\message_stream.js:108:16)\n    at MessageStream._write (E:\\Node Projects\\marketeer\\node_modules\\mongodb\\lib\\cmap\\message_stream.js:28:9)\n    at writeOrBuffer (internal/streams/writable.js:358:12)\n    at MessageStream.Writable.write (internal/streams/writable.js:303:10)\n    at Socket.ondata (internal/streams/readable.js:726:22)","index":0,"code":11000,"keyPattern":{"user.email":1},"keyValue":{"user.email":"manu.soni@gmail.com"},"level":"info","timestamp":"2022-01-25T12:04:07.519Z"}
{"level":"info","message":"connneted to database mongodb://localhost/Marketeer","timestamp":"2022-01-25T12:09:13.029Z"}
{"message":"E11000 duplicate key error collection: Marketeer.rentals index: user.email_1 dup key: { user.email: \"yogi.raj@gmail.com\" }","stack":"MongoServerError: E11000 duplicate key error collection: Marketeer.rentals index: user.email_1 dup key: { user.email: \"yogi.raj@gmail.com\" }\n    at E:\\Node Projects\\marketeer\\node_modules\\mongodb\\lib\\operations\\insert.js:51:33\n    at E:\\Node Projects\\marketeer\\node_modules\\mongodb\\lib\\cmap\\connection_pool.js:272:25\n    at handleOperationResult (E:\\Node Projects\\marketeer\\node_modules\\mongodb\\lib\\sdam\\server.js:370:9)\n    at MessageStream.messageHandler (E:\\Node Projects\\marketeer\\node_modules\\mongodb\\lib\\cmap\\connection.js:479:9)\n    at MessageStream.emit (events.js:375:28)\n    at processIncomingData (E:\\Node Projects\\marketeer\\node_modules\\mongodb\\lib\\cmap\\message_stream.js:108:16)\n    at MessageStream._write (E:\\Node Projects\\marketeer\\node_modules\\mongodb\\lib\\cmap\\message_stream.js:28:9)\n    at writeOrBuffer (internal/streams/writable.js:358:12)\n    at MessageStream.Writable.write (internal/streams/writable.js:303:10)\n    at Socket.ondata (internal/streams/readable.js:726:22)","index":0,"code":11000,"keyPattern":{"user.email":1},"keyValue":{"user.email":"yogi.raj@gmail.com"},"level":"info","timestamp":"2022-01-25T12:09:44.263Z"}
{"level":"info","message":"connneted to database mongodb://localhost/Marketeer","timestamp":"2022-01-25T12:09:55.126Z"}
{"message":"E11000 duplicate key error collection: Marketeer.rentals index: user.email_1 dup key: { user.email: \"yogi.raj@gmail.com\" }","stack":"MongoServerError: E11000 duplicate key error collection: Marketeer.rentals index: user.email_1 dup key: { user.email: \"yogi.raj@gmail.com\" }\n    at E:\\Node Projects\\marketeer\\node_modules\\mongodb\\lib\\operations\\insert.js:51:33\n    at E:\\Node Projects\\marketeer\\node_modules\\mongodb\\lib\\cmap\\connection_pool.js:272:25\n    at handleOperationResult (E:\\Node Projects\\marketeer\\node_modules\\mongodb\\lib\\sdam\\server.js:370:9)\n    at MessageStream.messageHandler (E:\\Node Projects\\marketeer\\node_modules\\mongodb\\lib\\cmap\\connection.js:479:9)\n    at MessageStream.emit (events.js:375:28)\n    at processIncomingData (E:\\Node Projects\\marketeer\\node_modules\\mongodb\\lib\\cmap\\message_stream.js:108:16)\n    at MessageStream._write (E:\\Node Projects\\marketeer\\node_modules\\mongodb\\lib\\cmap\\message_stream.js:28:9)\n    at writeOrBuffer (internal/streams/writable.js:358:12)\n    at MessageStream.Writable.write (internal/streams/writable.js:303:10)\n    at Socket.ondata (internal/streams/readable.js:726:22)","index":0,"code":11000,"keyPattern":{"user.email":1},"keyValue":{"user.email":"yogi.raj@gmail.com"},"level":"info","timestamp":"2022-01-25T12:10:04.752Z"}
{"message":"E11000 duplicate key error collection: Marketeer.rentals index: user.email_1 dup key: { user.email: \"yogi.raj@gmail.com\" }","stack":"MongoServerError: E11000 duplicate key error collection: Marketeer.rentals index: user.email_1 dup key: { user.email: \"yogi.raj@gmail.com\" }\n    at E:\\Node Projects\\marketeer\\node_modules\\mongodb\\lib\\operations\\insert.js:51:33\n    at E:\\Node Projects\\marketeer\\node_modules\\mongodb\\lib\\cmap\\connection_pool.js:272:25\n    at handleOperationResult (E:\\Node Projects\\marketeer\\node_modules\\mongodb\\lib\\sdam\\server.js:370:9)\n    at MessageStream.messageHandler (E:\\Node Projects\\marketeer\\node_modules\\mongodb\\lib\\cmap\\connection.js:479:9)\n    at MessageStream.emit (events.js:375:28)\n    at processIncomingData (E:\\Node Projects\\marketeer\\node_modules\\mongodb\\lib\\cmap\\message_stream.js:108:16)\n    at MessageStream._write (E:\\Node Projects\\marketeer\\node_modules\\mongodb\\lib\\cmap\\message_stream.js:28:9)\n    at writeOrBuffer (internal/streams/writable.js:358:12)\n    at MessageStream.Writable.write (internal/streams/writable.js:303:10)\n    at Socket.ondata (internal/streams/readable.js:726:22)","index":0,"code":11000,"keyPattern":{"user.email":1},"keyValue":{"user.email":"yogi.raj@gmail.com"},"level":"info","timestamp":"2022-01-25T12:10:06.666Z"}
{"message":"E11000 duplicate key error collection: Marketeer.rentals index: user.email_1 dup key: { user.email: \"yogi.raj@gmail.com\" }","stack":"MongoServerError: E11000 duplicate key error collection: Marketeer.rentals index: user.email_1 dup key: { user.email: \"yogi.raj@gmail.com\" }\n    at E:\\Node Projects\\marketeer\\node_modules\\mongodb\\lib\\operations\\insert.js:51:33\n    at E:\\Node Projects\\marketeer\\node_modules\\mongodb\\lib\\cmap\\connection_pool.js:272:25\n    at handleOperationResult (E:\\Node Projects\\marketeer\\node_modules\\mongodb\\lib\\sdam\\server.js:370:9)\n    at MessageStream.messageHandler (E:\\Node Projects\\marketeer\\node_modules\\mongodb\\lib\\cmap\\connection.js:479:9)\n    at MessageStream.emit (events.js:375:28)\n    at processIncomingData (E:\\Node Projects\\marketeer\\node_modules\\mongodb\\lib\\cmap\\message_stream.js:108:16)\n    at MessageStream._write (E:\\Node Projects\\marketeer\\node_modules\\mongodb\\lib\\cmap\\message_stream.js:28:9)\n    at writeOrBuffer (internal/streams/writable.js:358:12)\n    at MessageStream.Writable.write (internal/streams/writable.js:303:10)\n    at Socket.ondata (internal/streams/readable.js:726:22)","index":0,"code":11000,"keyPattern":{"user.email":1},"keyValue":{"user.email":"yogi.raj@gmail.com"},"level":"info","timestamp":"2022-01-25T12:10:07.616Z"}
{"level":"info","message":"connneted to database mongodb://localhost/Marketeer_test","timestamp":"2022-01-25T12:27:10.017Z"}
{"level":"info","message":"connneted to database mongodb://localhost/Marketeer_test","timestamp":"2022-01-25T12:45:54.653Z"}
{"level":"info","message":"connneted to database mongodb://localhost/Marketeer_test","timestamp":"2022-01-25T12:47:15.954Z"}
{"level":"info","message":"connneted to database mongodb://localhost/Marketeer_test","timestamp":"2022-01-25T12:49:28.808Z"}
{"level":"info","message":"connneted to database mongodb://localhost/Marketeer_test","timestamp":"2022-01-25T12:50:00.495Z"}
{"level":"info","message":"connneted to database mongodb://localhost/Marketeer_test","timestamp":"2022-01-25T12:50:00.763Z"}
{"level":"info","message":"connneted to database mongodb://localhost/Marketeer_test","timestamp":"2022-01-25T13:03:09.369Z"}
{"level":"info","message":"connneted to database mongodb://localhost/Marketeer_test","timestamp":"2022-01-25T13:03:09.689Z"}
{"level":"info","message":"connneted to database mongodb://localhost/Marketeer_test","timestamp":"2022-01-25T13:04:27.967Z"}
{"level":"info","message":"connneted to database mongodb://localhost/Marketeer_test","timestamp":"2022-01-25T13:04:27.973Z"}
{"level":"info","message":"connneted to database mongodb://localhost/Marketeer_test","timestamp":"2022-01-25T13:05:57.057Z"}
{"level":"info","message":"connneted to database mongodb://localhost/Marketeer_test","timestamp":"2022-01-25T13:05:57.110Z"}
{"level":"info","message":"connneted to database mongodb://localhost/Marketeer_test","timestamp":"2022-01-25T13:09:54.131Z"}
{"level":"info","message":"connneted to database mongodb://localhost/Marketeer_test","timestamp":"2022-01-25T13:09:54.317Z"}
{"level":"info","message":"connneted to database mongodb://localhost/Marketeer_test","timestamp":"2022-01-25T13:11:53.651Z"}
{"level":"info","message":"connneted to database mongodb://localhost/Marketeer_test","timestamp":"2022-01-25T13:11:53.653Z"}
{"level":"info","message":"connneted to database mongodb://localhost/Marketeer","timestamp":"2022-01-25T13:13:52.652Z"}
{"level":"info","message":"connneted to database mongodb://localhost/Marketeer_test","timestamp":"2022-01-25T13:20:15.069Z"}
{"level":"info","message":"connneted to database mongodb://localhost/Marketeer_test","timestamp":"2022-01-25T13:20:15.108Z"}
{"level":"info","message":"connneted to database mongodb://localhost/Marketeer","timestamp":"2022-01-25T13:22:29.547Z"}
{"level":"info","message":"connneted to database mongodb://localhost/Marketeer","timestamp":"2022-01-25T13:25:47.232Z"}
{"level":"info","message":"connneted to database mongodb://localhost/Marketeer","timestamp":"2022-01-25T13:32:19.878Z"}
{"level":"info","message":"connneted to database mongodb://localhost/Marketeer_test","timestamp":"2022-01-25T13:32:59.834Z"}
{"level":"info","message":"connneted to database mongodb://localhost/Marketeer_test","timestamp":"2022-01-25T13:32:59.836Z"}
{"level":"info","message":"connneted to database mongodb://localhost/Marketeer_test","timestamp":"2022-01-25T13:34:22.242Z"}
{"level":"info","message":"connneted to database mongodb://localhost/Marketeer_test","timestamp":"2022-01-25T13:34:22.410Z"}
{"level":"info","message":"connneted to database mongodb://localhost/Marketeer_test","timestamp":"2022-01-25T13:35:25.776Z"}
{"level":"info","message":"connneted to database mongodb://localhost/Marketeer_test","timestamp":"2022-01-25T13:35:25.871Z"}
{"level":"info","message":"connneted to database mongodb://localhost/Marketeer_test","timestamp":"2022-01-25T13:36:21.158Z"}
{"level":"info","message":"connneted to database mongodb://localhost/Marketeer_test","timestamp":"2022-01-25T13:36:21.171Z"}
{"level":"info","message":"connneted to database mongodb://localhost/Marketeer_test","timestamp":"2022-01-25T13:37:06.489Z"}
{"level":"info","message":"connneted to database mongodb://localhost/Marketeer_test","timestamp":"2022-01-25T13:37:06.539Z"}
{"level":"info","message":"connneted to database mongodb://localhost/Marketeer_test","timestamp":"2022-01-25T13:37:18.435Z"}
{"level":"info","message":"connneted to database mongodb://localhost/Marketeer_test","timestamp":"2022-01-25T13:37:18.482Z"}
{"level":"info","message":"connneted to database mongodb://localhost/Marketeer_test","timestamp":"2022-01-25T13:37:38.808Z"}
{"level":"info","message":"connneted to database mongodb://localhost/Marketeer_test","timestamp":"2022-01-25T13:37:38.799Z"}
{"level":"info","message":"connneted to database mongodb://localhost/Marketeer_test","timestamp":"2022-01-25T13:38:23.569Z"}
{"level":"info","message":"connneted to database mongodb://localhost/Marketeer_test","timestamp":"2022-01-25T13:38:23.631Z"}
{"level":"info","message":"connneted to database mongodb://localhost/Marketeer_test","timestamp":"2022-01-25T13:38:50.537Z"}
{"level":"info","message":"connneted to database mongodb://localhost/Marketeer_test","timestamp":"2022-01-25T13:38:50.606Z"}
{"level":"info","message":"connneted to database mongodb://localhost/Marketeer_test","timestamp":"2022-01-25T13:39:05.997Z"}
{"level":"info","message":"connneted to database mongodb://localhost/Marketeer_test","timestamp":"2022-01-25T13:39:06.062Z"}
{"level":"info","message":"connneted to database mongodb://localhost/Marketeer_test","timestamp":"2022-01-25T13:39:24.773Z"}
{"level":"info","message":"connneted to database mongodb://localhost/Marketeer_test","timestamp":"2022-01-25T13:39:24.773Z"}
{"level":"info","message":"connneted to database mongodb://localhost/Marketeer","timestamp":"2022-01-25T13:39:53.225Z"}
{"level":"info","message":"connneted to database mongodb://localhost/Marketeer","timestamp":"2022-01-25T13:40:49.733Z"}
{"level":"info","message":"connneted to database mongodb://localhost/Marketeer_test","timestamp":"2022-01-25T13:41:54.160Z"}
{"level":"info","message":"connneted to database mongodb://localhost/Marketeer_test","timestamp":"2022-01-25T13:41:54.345Z"}
{"level":"info","message":"connneted to database mongodb://localhost/Marketeer_test","timestamp":"2022-01-25T13:42:13.170Z"}
{"level":"info","message":"connneted to database mongodb://localhost/Marketeer_test","timestamp":"2022-01-25T13:42:13.178Z"}
{"level":"info","message":"connneted to database mongodb://localhost/Marketeer_test","timestamp":"2022-01-25T13:44:35.867Z"}
{"level":"info","message":"connneted to database mongodb://localhost/Marketeer_test","timestamp":"2022-01-25T13:44:36.068Z"}
{"level":"info","message":"connneted to database mongodb://localhost/Marketeer_test","timestamp":"2022-01-25T13:47:10.401Z"}
{"level":"info","message":"connneted to database mongodb://localhost/Marketeer_test","timestamp":"2022-01-25T13:47:11.512Z"}
{"level":"info","message":"connneted to database mongodb://localhost/Marketeer_test","timestamp":"2022-01-25T13:54:30.056Z"}
{"level":"info","message":"connneted to database mongodb://localhost/Marketeer_test","timestamp":"2022-01-25T13:54:31.026Z"}
{"level":"info","message":"connneted to database mongodb://localhost/Marketeer_test","timestamp":"2022-01-25T13:55:23.682Z"}
{"level":"info","message":"connneted to database mongodb://localhost/Marketeer_test","timestamp":"2022-01-25T13:55:24.697Z"}
{"level":"info","message":"connneted to database mongodb://localhost/Marketeer_test","timestamp":"2022-01-25T14:00:18.463Z"}
{"level":"info","message":"connneted to database mongodb://localhost/Marketeer_test","timestamp":"2022-01-25T14:00:19.222Z"}
{"level":"info","message":"connneted to database mongodb://localhost/Marketeer_test","timestamp":"2022-01-25T14:02:02.798Z"}
{"level":"info","message":"connneted to database mongodb://localhost/Marketeer_test","timestamp":"2022-01-25T14:02:03.625Z"}
{"level":"info","message":"connneted to database mongodb://localhost/Marketeer_test","timestamp":"2022-01-25T14:03:04.027Z"}
{"level":"info","message":"connneted to database mongodb://localhost/Marketeer_test","timestamp":"2022-01-25T14:03:05.326Z"}
{"level":"info","message":"connneted to database mongodb://localhost/Marketeer_test","timestamp":"2022-01-25T14:03:38.520Z"}
{"level":"info","message":"connneted to database mongodb://localhost/Marketeer_test","timestamp":"2022-01-25T14:03:39.475Z"}
{"level":"info","message":"connneted to database mongodb://localhost/Marketeer_test","timestamp":"2022-01-25T14:03:57.250Z"}
{"level":"info","message":"connneted to database mongodb://localhost/Marketeer_test","timestamp":"2022-01-25T14:03:57.942Z"}
{"level":"info","message":"connneted to database mongodb://localhost/Marketeer_test","timestamp":"2022-01-25T14:04:18.144Z"}
{"level":"info","message":"connneted to database mongodb://localhost/Marketeer_test","timestamp":"2022-01-25T14:04:18.906Z"}
{"level":"info","message":"connneted to database mongodb://localhost/Marketeer_test","timestamp":"2022-01-25T14:05:20.096Z"}
{"level":"info","message":"connneted to database mongodb://localhost/Marketeer_test","timestamp":"2022-01-25T14:05:20.746Z"}
{"level":"info","message":"connneted to database mongodb://localhost/Marketeer_test","timestamp":"2022-01-25T14:05:30.416Z"}
{"level":"info","message":"connneted to database mongodb://localhost/Marketeer_test","timestamp":"2022-01-25T14:05:31.102Z"}
{"level":"info","message":"connneted to database mongodb://localhost/Marketeer_test","timestamp":"2022-01-25T14:05:50.773Z"}
{"level":"info","message":"connneted to database mongodb://localhost/Marketeer_test","timestamp":"2022-01-25T14:05:50.802Z"}
{"level":"info","message":"connneted to database mongodb://localhost/Marketeer_test","timestamp":"2022-01-25T14:06:20.024Z"}
{"level":"info","message":"connneted to database mongodb://localhost/Marketeer_test","timestamp":"2022-01-25T14:06:20.031Z"}
{"level":"info","message":"connneted to database mongodb://localhost/Marketeer_test","timestamp":"2022-01-25T14:06:34.522Z"}
{"level":"info","message":"connneted to database mongodb://localhost/Marketeer_test","timestamp":"2022-01-25T14:06:35.295Z"}
{"level":"info","message":"connneted to database mongodb://localhost/Marketeer_test","timestamp":"2022-01-25T14:14:13.332Z"}
{"level":"info","message":"connneted to database mongodb://localhost/Marketeer_test","timestamp":"2022-01-25T14:15:28.548Z"}
{"level":"info","message":"connneted to database mongodb://localhost/Marketeer_test","timestamp":"2022-01-25T14:15:30.310Z"}
{"level":"info","message":"connneted to database mongodb://localhost/Marketeer_test","timestamp":"2022-01-25T14:18:16.916Z"}
{"level":"info","message":"connneted to database mongodb://localhost/Marketeer_test","timestamp":"2022-01-25T14:18:17.693Z"}
{"level":"info","message":"connneted to database mongodb://localhost/Marketeer_test","timestamp":"2022-01-25T14:18:42.632Z"}
{"level":"info","message":"connneted to database mongodb://localhost/Marketeer_test","timestamp":"2022-01-25T14:18:43.514Z"}
{"level":"info","message":"connneted to database mongodb://localhost/Marketeer_test","timestamp":"2022-01-25T14:20:58.224Z"}
{"level":"info","message":"connneted to database mongodb://localhost/Marketeer_test","timestamp":"2022-01-25T14:21:04.002Z"}
{"level":"info","message":"connneted to database mongodb://localhost/Marketeer_test","timestamp":"2022-01-25T14:21:58.117Z"}
{"level":"info","message":"connneted to database mongodb://localhost/Marketeer_test","timestamp":"2022-01-25T14:22:04.337Z"}
{"level":"info","message":"connneted to database mongodb://localhost/Marketeer_test","timestamp":"2022-01-25T14:23:05.959Z"}
{"level":"info","message":"connneted to database mongodb://localhost/Marketeer_test","timestamp":"2022-01-25T14:23:06.816Z"}
{"level":"info","message":"connneted to database mongodb://localhost/Marketeer_test","timestamp":"2022-01-25T14:24:04.532Z"}
{"level":"info","message":"connneted to database mongodb://localhost/Marketeer_test","timestamp":"2022-01-25T14:24:05.382Z"}
{"level":"info","message":"connneted to database mongodb://localhost/Marketeer_test","timestamp":"2022-01-25T14:24:51.313Z"}
{"level":"info","message":"connneted to database mongodb://localhost/Marketeer_test","timestamp":"2022-01-25T14:24:52.074Z"}
